0 info it worked if it ends with ok
1 verbose cli [ 'C:\\Program Files\\nodejs\\node.exe',
1 verbose cli   'C:\\Program Files\\nodejs\\node_modules\\npm\\bin\\npm-cli.js',
1 verbose cli   'run',
1 verbose cli   'auto-build' ]
2 info using npm@3.10.10
3 info using node@v6.11.0
4 verbose run-script [ 'preauto-build', 'auto-build', 'postauto-build' ]
5 info lifecycle royco_website@~preauto-build: royco_website@
6 silly lifecycle royco_website@~preauto-build: no script for preauto-build, continuing
7 info lifecycle royco_website@~auto-build: royco_website@
8 verbose lifecycle royco_website@~auto-build: unsafe-perm in lifecycle true
9 verbose lifecycle royco_website@~auto-build: PATH: C:\Program Files\nodejs\node_modules\npm\bin\node-gyp-bin;C:\Users\THPC\Desktop\MainFolders\WebDev\Projects_FrontEnd\RoyCo_Roofing\node_modules\.bin;C:\Program Files (x86)\NVIDIA Corporation\PhysX\Common;C:\ProgramData\Oracle\Java\javapath;C:\WINDOWS\system32;C:\WINDOWS;C:\WINDOWS\System32\Wbem;C:\WINDOWS\System32\WindowsPowerShell\v1.0\;C:\Program Files (x86)\ATI Technologies\ATI.ACE\Core-Static;C:\Program Files\nodejs\;C:\Program Files\MongoDB\Server\3.4\bin;C:\Program Files\Git\cmd;C:\Program Files\android-sdk\android-sdk-tools;C:\Program Files\android-sdk\platform-tools;C:\Program Files\Gradle\gradle-4.0.2\bin;C:\Program Files\android-sdk\build-tools\25.0.3;C:\Users\THPC\AppData\Local\Microsoft\WindowsApps;C:\Users\THPC\AppData\Roaming\npm;C:\Users\THPC\AppData\Local\GitHubDesktop\bin
10 verbose lifecycle royco_website@~auto-build: CWD: C:\Users\THPC\Desktop\MainFolders\WebDev\Projects_FrontEnd\RoyCo_Roofing
11 silly lifecycle royco_website@~auto-build: Args: [ '/d /s /c', 'gulp auto-build' ]
12 verbose stack Error: kill ENOSYS
12 verbose stack     at exports._errnoException (util.js:1018:11)
12 verbose stack     at process.kill (internal/process.js:190:13)
12 verbose stack     at process.listener (C:\Program Files\nodejs\node_modules\npm\node_modules\npmlog\node_modules\gauge\node_modules\signal-exit\index.js:86:15)
12 verbose stack     at emitNone (events.js:91:20)
12 verbose stack     at process.emit (events.js:185:7)
12 verbose stack     at processEmit (C:\Program Files\nodejs\node_modules\npm\node_modules\npmlog\node_modules\gauge\node_modules\signal-exit\index.js:146:32)
12 verbose stack     at processEmit (C:\Program Files\nodejs\node_modules\npm\node_modules\npm-registry-client\node_modules\npmlog\node_modules\gauge\node_modules\signal-exit\index.js:146:32)
12 verbose stack     at Signal.wrap.onsignal (internal/process.js:217:44)
13 verbose cwd C:\Users\THPC\Desktop\MainFolders\WebDev\Projects_FrontEnd\RoyCo_Roofing
14 error Windows_NT 10.0.15063
15 error argv "C:\\Program Files\\nodejs\\node.exe" "C:\\Program Files\\nodejs\\node_modules\\npm\\bin\\npm-cli.js" "run" "auto-build"
16 error node v6.11.0
17 error npm  v3.10.10
18 error code ENOSYS
19 error errno ENOSYS
20 error syscall kill
21 error kill ENOSYS
22 error If you need help, you may report this error at:
22 error     <https://github.com/npm/npm/issues>
23 verbose exit [ 1, true ]
